<?xml version="1.0" encoding="UTF-8"?>
<!-- Generated by org.testng.reporters.JUnitXMLReporter -->
<testsuite ignored="1" hostname="DESKTOP-ITT74N3" failures="0" tests="2" name="Submit Order Test" time="18.621" errors="0" timestamp="2024-07-03T00:18:43 IST">
  <testcase classname="rahulshettyacademy.tests.SubmitOrderTest3_Hashmap" name="SubmitOrder" time="4.775"/>
  <testcase classname="rahulshettyacademy.tests.SubmitOrderTest3_Hashmap" name="SubmitOrder" time="4.361"/>
  <testcase classname="rahulshettyacademy.tests.SubmitOrderTest3_Hashmap" name="OrderHistoryTest" time="0.0">
    <ignored/>
  </testcase> <!-- OrderHistoryTest -->
</testsuite> <!-- Submit Order Test -->
