<?xml version="1.0" encoding="UTF-8"?>
<!-- Generated by org.testng.reporters.JUnitXMLReporter -->
<testsuite ignored="0" hostname="DESKTOP-ITT74N3" failures="0" tests="3" name="Business loan" time="0.122" errors="0" timestamp="2024-06-11T23:44:50 IST">
  <testcase classname="test.Business_Loan" name="APIBusinessLoanLogin" time="0.02"/>
  <testcase classname="test.Business_Loan" name="MobileBusinessLoanLogin" time="0.003"/>
  <testcase classname="test.Business_Loan" name="WebBusinessLoanLogin" time="0.002"/>
</testsuite> <!-- Business loan -->
