<?xml version="1.0" encoding="UTF-8"?>
<!-- Generated by org.testng.reporters.JUnitXMLReporter -->
<testsuite ignored="0" hostname="DESKTOP-ITT74N3" failures="0" tests="3" name="Car loan" time="0.017" errors="0" timestamp="2024-06-11T23:44:50 IST">
  <testcase classname="test.Car_Loan" name="APICarLoanLogin" time="0.002"/>
  <testcase classname="test.Car_Loan" name="MobileCarLoanLogin" time="0.001"/>
  <testcase classname="test.Car_Loan" name="WebCarLoanLogin" time="0.001"/>
</testsuite> <!-- Car loan -->
