<?xml version="1.0" encoding="UTF-8"?>
<!-- Generated by org.testng.reporters.JUnitXMLReporter -->
<testsuite ignored="0" hostname="DESKTOP-ITT74N3" failures="0" tests="3" name="Home Loan" time="0.02" errors="0" timestamp="2024-06-11T23:44:50 IST">
  <testcase classname="test.Home_Loan" name="APIHomeLoanLogin" time="0.003"/>
  <testcase classname="test.Home_Loan" name="MobileHomeLoanLogin" time="0.002"/>
  <testcase classname="test.Home_Loan" name="WebHomeLoanLogin" time="0.003"/>
</testsuite> <!-- Home Loan -->
