<?xml version="1.0" encoding="UTF-8"?>
<!-- Generated by org.testng.reporters.JUnitXMLReporter -->
<testsuite ignored="0" hostname="DESKTOP-ITT74N3" failures="0" tests="3" name="Personal loan" time="0.019" errors="0" timestamp="2024-06-11T23:44:50 IST">
  <testcase classname="test.Personal_Loan" name="APIPersonalLoanLogin" time="0.002"/>
  <testcase classname="test.Personal_Loan" name="MobilePersonalLoanLogin" time="0.003"/>
  <testcase classname="test.Personal_Loan" name="WebPersonalLoanLogin" time="0.002"/>
</testsuite> <!-- Personal loan -->
