<?xml version="1.0" encoding="UTF-8"?>
<!-- Generated by org.testng.reporters.JUnitXMLReporter -->
<testsuite ignored="1" hostname="KAPILKAK01" failures="0" tests="3" name="Car loan" time="0.013" errors="0" timestamp="2024-06-08T15:47:48 IST">
  <testcase classname="TestngDemo.day3" name="LoginAPILoan" time="0.001"/>
  <testcase classname="TestngDemo.day3" name="login" time="0.002"/>
  <testcase classname="TestngDemo.day3" name="webloginCarLoan" time="0.002"/>
  <testcase classname="TestngDemo.day3" name="MobileLogincarLoan" time="0.0">
    <ignored/>
  </testcase> <!-- MobileLogincarLoan -->
</testsuite> <!-- Car loan -->
