<?xml version="1.0" encoding="UTF-8"?>
<!-- Generated by org.testng.reporters.JUnitXMLReporter -->
<testsuite ignored="0" hostname="KAPILKAK01" failures="0" tests="7" name="Test" time="0.151" errors="0" timestamp="2024-06-08T15:32:14 IST">
  <testcase classname="TestngDemo.day1" name="Demo" time="0.017"/>
  <testcase classname="TestngDemo.day1" name="practice" time="0.002"/>
  <testcase classname="TestngDemo.day2" name="ploan" time="0.002"/>
  <testcase classname="TestngDemo.day3" name="LoginAPILoan" time="0.002"/>
  <testcase classname="TestngDemo.day3" name="MobileLogincarLoan" time="0.004"/>
  <testcase classname="TestngDemo.day3" name="login" time="0.003"/>
  <testcase classname="TestngDemo.day3" name="webloginCarLoan" time="0.002"/>
</testsuite> <!-- Test -->
