<?xml version="1.0" encoding="UTF-8"?>
<testng-results ignored="0" total="1" passed="1" failed="0" skipped="0">
  <reporter-output>
  </reporter-output>
  <suite started-at="2024-06-08T22:09:14 IST" name="Default suite" finished-at="2024-06-08T22:09:15 IST" duration-ms="109">
    <groups>
    </groups>
    <test started-at="2024-06-08T22:09:14 IST" name="Default test" finished-at="2024-06-08T22:09:15 IST" duration-ms="109">
      <class name="TestngDemo.ChildClass">
        <test-method is-config="true" signature="Before()[pri:0, instance:TestngDemo.ChildClass@293a5bf6]" started-at="2024-06-08T22:09:15 IST" name="Before" finished-at="2024-06-08T22:09:15 IST" duration-ms="14" status="PASS">
          <reporter-output>
          </reporter-output>
        </test-method> <!-- Before -->
        <test-method signature="Run()[pri:0, instance:TestngDemo.ChildClass@293a5bf6]" started-at="2024-06-08T22:09:15 IST" name="Run" finished-at="2024-06-08T22:09:15 IST" duration-ms="16" status="PASS">
          <reporter-output>
          </reporter-output>
        </test-method> <!-- Run -->
        <test-method is-config="true" signature="After()[pri:0, instance:TestngDemo.ChildClass@293a5bf6]" started-at="2024-06-08T22:09:15 IST" name="After" finished-at="2024-06-08T22:09:15 IST" duration-ms="1" status="PASS">
          <reporter-output>
          </reporter-output>
        </test-method> <!-- After -->
      </class> <!-- TestngDemo.ChildClass -->
    </test> <!-- Default test -->
  </suite> <!-- Default suite -->
</testng-results>
