<?xml version="1.0" encoding="UTF-8"?>
<testng-results ignored="0" total="3" passed="3" failed="0" skipped="0">
  <reporter-output>
  </reporter-output>
  <suite started-at="2024-06-11T21:58:13 IST" name="Default suite" finished-at="2024-06-11T21:58:13 IST" duration-ms="63">
    <groups>
    </groups>
    <test started-at="2024-06-11T21:58:13 IST" name="Default test" finished-at="2024-06-11T21:58:13 IST" duration-ms="63">
      <class name="test.Business_Loan">
        <test-method signature="APIBusinessLoanLogin()[pri:0, instance:test.Business_Loan@3d51f06e]" started-at="2024-06-11T21:58:13 IST" name="APIBusinessLoanLogin" finished-at="2024-06-11T21:58:13 IST" duration-ms="11" status="PASS">
          <reporter-output>
          </reporter-output>
        </test-method> <!-- APIBusinessLoanLogin -->
        <test-method signature="MobileBusinessLoanLogin()[pri:0, instance:test.Business_Loan@3d51f06e]" started-at="2024-06-11T21:58:13 IST" name="MobileBusinessLoanLogin" finished-at="2024-06-11T21:58:13 IST" duration-ms="1" status="PASS">
          <reporter-output>
          </reporter-output>
        </test-method> <!-- MobileBusinessLoanLogin -->
        <test-method signature="WebBusinessLoanLogin()[pri:0, instance:test.Business_Loan@3d51f06e]" started-at="2024-06-11T21:58:13 IST" name="WebBusinessLoanLogin" finished-at="2024-06-11T21:58:13 IST" duration-ms="2" status="PASS">
          <reporter-output>
          </reporter-output>
        </test-method> <!-- WebBusinessLoanLogin -->
      </class> <!-- test.Business_Loan -->
    </test> <!-- Default test -->
  </suite> <!-- Default suite -->
</testng-results>
