<?xml version="1.0" encoding="UTF-8"?>
<testng-results ignored="3" total="4" passed="1" failed="0" skipped="0">
  <reporter-output>
  </reporter-output>
  <suite started-at="2024-06-25T21:00:47 IST" name="Suite" finished-at="2024-06-25T21:00:54 IST" duration-ms="6477">
    <groups>
      <group name="ErrorHandling">
        <method signature="ErrorValidationsTest.LoginErrorValidation()[pri:0, instance:rahulshettyacademy.tests.ErrorValidationsTest@14cd1699]" name="LoginErrorValidation" class="rahulshettyacademy.tests.ErrorValidationsTest"/>
      </group> <!-- ErrorHandling -->
    </groups>
    <test started-at="2024-06-25T21:00:47 IST" name="Submit Order Test" finished-at="2024-06-25T21:00:47 IST" duration-ms="14">
    </test> <!-- Submit Order Test -->
    <test started-at="2024-06-25T21:00:47 IST" name="Error validation Test" finished-at="2024-06-25T21:00:54 IST" duration-ms="6477">
      <class name="rahulshettyacademy.tests.ErrorValidationsTest">
        <test-method is-config="true" signature="launchApplication()[pri:0, instance:rahulshettyacademy.tests.ErrorValidationsTest@14cd1699]" started-at="2024-06-25T21:00:47 IST" name="launchApplication" finished-at="2024-06-25T21:00:53 IST" duration-ms="5818" status="PASS">
          <reporter-output>
          </reporter-output>
        </test-method> <!-- launchApplication -->
        <test-method signature="LoginErrorValidation()[pri:0, instance:rahulshettyacademy.tests.ErrorValidationsTest@14cd1699]" started-at="2024-06-25T21:00:53 IST" name="LoginErrorValidation" finished-at="2024-06-25T21:00:54 IST" duration-ms="489" status="PASS">
          <reporter-output>
          </reporter-output>
        </test-method> <!-- LoginErrorValidation -->
        <test-method is-config="true" signature="tearDown()[pri:0, instance:rahulshettyacademy.tests.ErrorValidationsTest@14cd1699]" started-at="2024-06-25T21:00:54 IST" name="tearDown" finished-at="2024-06-25T21:00:54 IST" duration-ms="95" status="PASS">
          <reporter-output>
          </reporter-output>
        </test-method> <!-- tearDown -->
      </class> <!-- rahulshettyacademy.tests.ErrorValidationsTest -->
    </test> <!-- Error validation Test -->
  </suite> <!-- Suite -->
</testng-results>
