<?xml version="1.0" encoding="UTF-8"?>
<testng-results ignored="1" total="3" passed="2" failed="0" skipped="0">
  <reporter-output>
  </reporter-output>
  <suite started-at="2024-07-03T00:18:24 IST" name="Suite" finished-at="2024-07-03T00:18:43 IST" duration-ms="18621">
    <groups>
      <group name="Purchase">
        <method signature="SubmitOrderTest3_Hashmap.SubmitOrder(java.util.HashMap)[pri:0, instance:rahulshettyacademy.tests.SubmitOrderTest3_Hashmap@2b662a77]" name="SubmitOrder" class="rahulshettyacademy.tests.SubmitOrderTest3_Hashmap"/>
      </group> <!-- Purchase -->
    </groups>
    <test started-at="2024-07-03T00:18:24 IST" name="Submit Order Test" finished-at="2024-07-03T00:18:43 IST" duration-ms="18621">
      <class name="rahulshettyacademy.tests.SubmitOrderTest3_Hashmap">
        <test-method is-config="true" signature="launchApplication()[pri:0, instance:rahulshettyacademy.tests.SubmitOrderTest3_Hashmap@2b662a77]" started-at="2024-07-03T00:18:24 IST" name="launchApplication" finished-at="2024-07-03T00:18:30 IST" duration-ms="5893" status="PASS">
          <reporter-output>
          </reporter-output>
        </test-method> <!-- launchApplication -->
        <test-method signature="SubmitOrder(java.util.HashMap)[pri:0, instance:rahulshettyacademy.tests.SubmitOrderTest3_Hashmap@2b662a77]" started-at="2024-07-03T00:18:30 IST" name="SubmitOrder" data-provider="getData" finished-at="2024-07-03T00:18:35 IST" duration-ms="4775" status="PASS">
          <params>
            <param index="0">
              <value>
                <![CDATA[{password=Rahul@123, product=ZARA COAT 3, email=ecommerce1@gmail.com}]]>
              </value>
            </param>
          </params>
          <reporter-output>
          </reporter-output>
        </test-method> <!-- SubmitOrder -->
        <test-method is-config="true" signature="tearDown()[pri:0, instance:rahulshettyacademy.tests.SubmitOrderTest3_Hashmap@2b662a77]" started-at="2024-07-03T00:18:35 IST" name="tearDown" finished-at="2024-07-03T00:18:35 IST" duration-ms="304" status="PASS">
          <reporter-output>
          </reporter-output>
        </test-method> <!-- tearDown -->
        <test-method is-config="true" signature="launchApplication()[pri:0, instance:rahulshettyacademy.tests.SubmitOrderTest3_Hashmap@2b662a77]" started-at="2024-07-03T00:18:35 IST" name="launchApplication" finished-at="2024-07-03T00:18:38 IST" duration-ms="2938" status="PASS">
          <reporter-output>
          </reporter-output>
        </test-method> <!-- launchApplication -->
        <test-method signature="SubmitOrder(java.util.HashMap)[pri:0, instance:rahulshettyacademy.tests.SubmitOrderTest3_Hashmap@2b662a77]" started-at="2024-07-03T00:18:38 IST" name="SubmitOrder" data-provider="getData" finished-at="2024-07-03T00:18:42 IST" duration-ms="4361" status="PASS">
          <params>
            <param index="0">
              <value>
                <![CDATA[{password=Iamking@000, product=ADIDAS ORIGINAL, email=shetty@gmail.com}]]>
              </value>
            </param>
          </params>
          <reporter-output>
          </reporter-output>
        </test-method> <!-- SubmitOrder -->
        <test-method is-config="true" signature="tearDown()[pri:0, instance:rahulshettyacademy.tests.SubmitOrderTest3_Hashmap@2b662a77]" started-at="2024-07-03T00:18:42 IST" name="tearDown" finished-at="2024-07-03T00:18:43 IST" duration-ms="219" status="PASS">
          <reporter-output>
          </reporter-output>
        </test-method> <!-- tearDown -->
      </class> <!-- rahulshettyacademy.tests.SubmitOrderTest3_Hashmap -->
    </test> <!-- Submit Order Test -->
  </suite> <!-- Suite -->
</testng-results>
