<?xml version="1.0" encoding="UTF-8"?>
<!-- Generated by org.testng.reporters.JUnitXMLReporter -->
<testsuite ignored="0" hostname="DESKTOP-ITT74N3" failures="0" tests="12" name="Test" time="0.184" errors="0" timestamp="2024-06-11T23:39:09 IST">
  <testcase classname="test.Business_Loan" name="APIBusinessLoanLogin" time="0.03"/>
  <testcase classname="test.Business_Loan" name="MobileBusinessLoanLogin" time="0.002"/>
  <testcase classname="test.Business_Loan" name="WebBusinessLoanLogin" time="0.003"/>
  <testcase classname="test.Home_Loan" name="APIHomeLoanLogin" time="0.004"/>
  <testcase classname="test.Home_Loan" name="MobileHomeLoanLogin" time="0.002"/>
  <testcase classname="test.Home_Loan" name="WebHomeLoanLogin" time="0.003"/>
  <testcase classname="test.Personal_Loan" name="APIPersonalLoanLogin" time="0.002"/>
  <testcase classname="test.Personal_Loan" name="MobilePersonalLoanLogin" time="0.001"/>
  <testcase classname="test.Personal_Loan" name="WebPersonalLoanLogin" time="0.003"/>
  <testcase classname="test.Car_Loan" name="APICarLoanLogin" time="0.002"/>
  <testcase classname="test.Car_Loan" name="MobileCarLoanLogin" time="0.001"/>
  <testcase classname="test.Car_Loan" name="WebCarLoanLogin" time="0.002"/>
</testsuite> <!-- Test -->
